Compiling the C compiler identification source file "CMakeCCompilerId.c" failed.
Compiler: D:/sdk/HarmonyOS_SDK/native/2.2.0.1/llvm/bin/clang.exe 
Build flags: -g;-fdata-sections;-ffunction-sections;-funwind-tables;-fstack-protector-strong;-no-canonical-prefixes;-fno-addrsig;-Wa,--noexecstack;-Wformat;-Werror=format-security;
Id flags:  

The output was:
1
clang: error: unable to execute command: program not executable
clang: error: linker command failed with exit code 1 (use -v to see invocation)


Compiling the CXX compiler identification source file "CMakeCXXCompilerId.cpp" failed.
Compiler: D:/sdk/HarmonyOS_SDK/native/2.2.0.1/llvm/bin/clang++.exe 
Build flags: -g;-fdata-sections;-ffunction-sections;-funwind-tables;-fstack-protector-strong;-no-canonical-prefixes;-fno-addrsig;-Wa,--noexecstack;-Wformat;-Werror=format-security;;
Id flags:  

The output was:
1
clang++: error: unable to execute command: program not executable
clang++: error: linker command failed with exit code 1 (use -v to see invocation)


Compiling the C compiler identification source file "CMakeCCompilerId.c" failed.
Compiler: D:/sdk/HarmonyOS_SDK/native/2.2.0.1/llvm/bin/clang.exe 
Build flags: -g;-fdata-sections;-ffunction-sections;-funwind-tables;-fstack-protector-strong;-no-canonical-prefixes;-fno-addrsig;-Wa,--noexecstack;-Wformat;-Werror=format-security;
Id flags:  

The output was:
1
clang: error: unable to execute command: program not executable
clang: error: linker command failed with exit code 1 (use -v to see invocation)


Compiling the CXX compiler identification source file "CMakeCXXCompilerId.cpp" failed.
Compiler: D:/sdk/HarmonyOS_SDK/native/2.2.0.1/llvm/bin/clang++.exe 
Build flags: -g;-fdata-sections;-ffunction-sections;-funwind-tables;-fstack-protector-strong;-no-canonical-prefixes;-fno-addrsig;-Wa,--noexecstack;-Wformat;-Werror=format-security;;
Id flags:  

The output was:
1
clang++: error: unable to execute command: program not executable
clang++: error: linker command failed with exit code 1 (use -v to see invocation)


Compiling the C compiler identification source file "CMakeCCompilerId.c" failed.
Compiler: D:/sdk/HarmonyOS_SDK/native/2.2.0.1/llvm/bin/clang.exe 
Build flags: -g;-fdata-sections;-ffunction-sections;-funwind-tables;-fstack-protector-strong;-no-canonical-prefixes;-fno-addrsig;-Wa,--noexecstack;-Wformat;-Werror=format-security;
Id flags:  

The output was:
1
clang: error: unable to execute command: program not executable
clang: error: linker command failed with exit code 1 (use -v to see invocation)


Compiling the CXX compiler identification source file "CMakeCXXCompilerId.cpp" failed.
Compiler: D:/sdk/HarmonyOS_SDK/native/2.2.0.1/llvm/bin/clang++.exe 
Build flags: -g;-fdata-sections;-ffunction-sections;-funwind-tables;-fstack-protector-strong;-no-canonical-prefixes;-fno-addrsig;-Wa,--noexecstack;-Wformat;-Werror=format-security;;
Id flags:  

The output was:
1
clang++: error: unable to execute command: program not executable
clang++: error: linker command failed with exit code 1 (use -v to see invocation)


Compiling the C compiler identification source file "CMakeCCompilerId.c" failed.
Compiler: D:/sdk/HarmonyOS_SDK/native/2.2.0.1/llvm/bin/clang.exe 
Build flags: -g;-fdata-sections;-ffunction-sections;-funwind-tables;-fstack-protector-strong;-no-canonical-prefixes;-fno-addrsig;-Wa,--noexecstack;-Wformat;-Werror=format-security;
Id flags:  

The output was:
1
clang: error: unable to execute command: program not executable
clang: error: linker command failed with exit code 1 (use -v to see invocation)


Compiling the CXX compiler identification source file "CMakeCXXCompilerId.cpp" failed.
Compiler: D:/sdk/HarmonyOS_SDK/native/2.2.0.1/llvm/bin/clang++.exe 
Build flags: -g;-fdata-sections;-ffunction-sections;-funwind-tables;-fstack-protector-strong;-no-canonical-prefixes;-fno-addrsig;-Wa,--noexecstack;-Wformat;-Werror=format-security;;
Id flags:  

The output was:
1
clang++: error: unable to execute command: program not executable
clang++: error: linker command failed with exit code 1 (use -v to see invocation)


Compiling the C compiler identification source file "CMakeCCompilerId.c" failed.
Compiler: D:/sdk/HarmonyOS_SDK/native/2.2.0.1/llvm/bin/clang.exe 
Build flags: -g;-fdata-sections;-ffunction-sections;-funwind-tables;-fstack-protector-strong;-no-canonical-prefixes;-fno-addrsig;-Wa,--noexecstack;-Wformat;-Werror=format-security;
Id flags:  

The output was:
1
clang: error: unable to execute command: program not executable
clang: error: linker command failed with exit code 1 (use -v to see invocation)


Compiling the CXX compiler identification source file "CMakeCXXCompilerId.cpp" failed.
Compiler: D:/sdk/HarmonyOS_SDK/native/2.2.0.1/llvm/bin/clang++.exe 
Build flags: -g;-fdata-sections;-ffunction-sections;-funwind-tables;-fstack-protector-strong;-no-canonical-prefixes;-fno-addrsig;-Wa,--noexecstack;-Wformat;-Werror=format-security;;
Id flags:  

The output was:
1
clang++: error: unable to execute command: program not executable
clang++: error: linker command failed with exit code 1 (use -v to see invocation)


